Arguments: 
  C:\Program Files\nodejs\node.exe C:\Program Files (x86)\Yarn\bin\yarn.js add @substrate/txwrapper

PATH: 
  H:\EDS\RMRK\node_modules\.bin;C:\Windows\system32;C:\Windows;C:\Windows\System32\Wbem;C:\Windows\System32\WindowsPowerShell\v1.0\;C:\Windows\System32\OpenSSH\;C:\Program Files\NVIDIA Corporation\NVIDIA NvDLISR;C:\Program Files (x86)\NVIDIA Corporation\PhysX\Common;C:\Program Files\Git\cmd;C:\ProgramData\ComposerSetup\bin;H:\EDS\Larav\EDS\vendor\phpunit\phpunit;C:\Users\thomy\AppData\Roaming\nvm;C:\Program Files\nodejs;C:\Program Files (x86)\Yarn\bin;C:\Program Files\Git\bin;H:\xampp\php;H:\Programmes\nvm\;H:\Program Files\;C:\Program Files (x86)\Yarn\bin\;C:\Users\thomy\AppData\Local\Microsoft\WindowsApps;C:\Users\thomy\AppData\Roaming\npm;C:\Users\thomy\AppData\Local\hyper\app-3.0.2\resources\bin;C:\Users\thomy\AppData\Roaming\Composer\vendor\bin;C:\Program Files\Symfony;C:\Users\thomy\AppData\Local\Keybase\;C:\Users\thomy\AppData\Roaming\nvm;C:\Program Files\nodejs;K:\Program Files\PhpStorm 2020.2.2\bin;;C:\Users\thomy\AppData\Local\Yarn\bin

Yarn version: 
  1.22.5

Node version: 
  12.16.1

Platform: 
  win32 x64

Trace: 
  Error: EPERM: operation not permitted, unlink 'H:\EDS\RMRK\node_modules\bufferutil\prebuilds\win32-x64\node.napi.node'

npm manifest: 
  {
    "name": "RMRK",
    "version": "1.0.0",
    "description": "<pre>\r     <code>\r         npm install --save @polkadot/api\r     </code>\r </pre>",
    "main": "index.js",
    "dependencies": {
      "ts-node": "^9.1.1"
    },
    "devDependencies": {},
    "scripts": {
      "test": "echo \"Error: no test specified\" && exit 1"
    },
    "repository": {
      "type": "git",
      "url": "git+https://gitlab.com/Millord/kusama_ts.git"
    },
    "keywords": [],
    "author": "",
    "license": "ISC",
    "bugs": {
      "url": "https://gitlab.com/Millord/kusama_ts/issues"
    },
    "homepage": "https://gitlab.com/Millord/kusama_ts#readme"
  }

yarn manifest: 
  No manifest

Lockfile: 
  No lockfile
